This is pdfTeX, Version 3.14159265-2.6-1.40.15 (TeX Live 2014) (preloaded format=latex 2014.5.25)  15 DEC 2015 13:33
entering extended mode
 restricted \write18 enabled.
 %&-line parsing enabled.
**diff /Users/kweatherholtz/Documents/Publications/Review_papers/ORE_review_pap
er/drafts/submission_round1/Weatherholtz_Jaeger2015_ORE-DRAFT.tex /Users/kweath
erholtz/Documents/Publications/Review_papers/ORE_review_paper/drafts/submission
_round2/Weatherholtz_Jaeger2015_ORE-round2.tex

! Emergency stop.
<*> diff 
         /Users/kweatherholtz/Documents/Publications/Review_papers/ORE_revie...
End of file on the terminal!

 
Here is how much of TeX's memory you used:
 4 strings out of 493118
 108 string characters out of 6135459
 52906 words of memory out of 5000000
 3568 multiletter control sequences out of 15000+600000
 3640 words of font info for 14 fonts, out of 8000000 for 9000
 1141 hyphenation exceptions out of 8191
 0i,0n,0p,293b,6s stack positions out of 5000i,500n,10000p,200000b,80000s
No pages of output.
